2026-01-30 07:16:41,988 - asyncio - DEBUG - Using selector: EpollSelector
2026-01-30 07:16:41,989 - asyncio - DEBUG - Using selector: EpollSelector
2026-01-30 07:16:41,996 - asyncio - DEBUG - Using selector: EpollSelector
2026-01-30 07:16:41,999 - app.services.auth.http - INFO - Authentication failed for user: test_user
2026-01-30 07:16:42,001 - asyncio - DEBUG - Using selector: EpollSelector
2026-01-30 07:16:42,003 - aiosqlite - DEBUG - executing <function connect.<locals>.connector at 0x7f4bc8a720c0>
2026-01-30 07:16:42,005 - aiosqlite - DEBUG - operation <function connect.<locals>.connector at 0x7f4bc8a720c0> completed
2026-01-30 07:16:42,006 - aiosqlite - DEBUG - executing functools.partial(<built-in method create_function of sqlite3.Connection object at 0x7f4bc8c3e7a0>, 'regexp', 2, <function SQLiteDialect_pysqlite.on_connect.<locals>.regexp at 0x7f4bc9f41e40>, deterministic=True)
2026-01-30 07:16:42,006 - aiosqlite - DEBUG - operation functools.partial(<built-in method create_function of sqlite3.Connection object at 0x7f4bc8c3e7a0>, 'regexp', 2, <function SQLiteDialect_pysqlite.on_connect.<locals>.regexp at 0x7f4bc9f41e40>, deterministic=True) completed
2026-01-30 07:16:42,007 - aiosqlite - DEBUG - executing functools.partial(<built-in method create_function of sqlite3.Connection object at 0x7f4bc8c3e7a0>, 'floor', 1, <built-in function floor>, deterministic=True)
2026-01-30 07:16:42,007 - aiosqlite - DEBUG - operation functools.partial(<built-in method create_function of sqlite3.Connection object at 0x7f4bc8c3e7a0>, 'floor', 1, <built-in function floor>, deterministic=True) completed
2026-01-30 07:16:42,007 - aiosqlite - DEBUG - executing functools.partial(<built-in method cursor of sqlite3.Connection object at 0x7f4bc8c3e7a0>)
2026-01-30 07:16:42,007 - aiosqlite - DEBUG - operation functools.partial(<built-in method cursor of sqlite3.Connection object at 0x7f4bc8c3e7a0>) completed
2026-01-30 07:16:42,008 - aiosqlite - DEBUG - executing functools.partial(<built-in method execute of sqlite3.Cursor object at 0x7f4bc8a958c0>, 'PRAGMA read_uncommitted', [])
2026-01-30 07:16:42,008 - aiosqlite - DEBUG - operation functools.partial(<built-in method execute of sqlite3.Cursor object at 0x7f4bc8a958c0>, 'PRAGMA read_uncommitted', []) completed
2026-01-30 07:16:42,009 - aiosqlite - DEBUG - executing functools.partial(<built-in method fetchall of sqlite3.Cursor object at 0x7f4bc8a958c0>)
2026-01-30 07:16:42,009 - aiosqlite - DEBUG - operation functools.partial(<built-in method fetchall of sqlite3.Cursor object at 0x7f4bc8a958c0>) completed
2026-01-30 07:16:42,009 - aiosqlite - DEBUG - executing functools.partial(<built-in method close of sqlite3.Cursor object at 0x7f4bc8a958c0>)
2026-01-30 07:16:42,009 - aiosqlite - DEBUG - operation functools.partial(<built-in method close of sqlite3.Cursor object at 0x7f4bc8a958c0>) completed
2026-01-30 07:16:42,010 - aiosqlite - DEBUG - executing functools.partial(<built-in method rollback of sqlite3.Connection object at 0x7f4bc8c3e7a0>)
2026-01-30 07:16:42,010 - aiosqlite - DEBUG - operation functools.partial(<built-in method rollback of sqlite3.Connection object at 0x7f4bc8c3e7a0>) completed
2026-01-30 07:16:42,012 - aiosqlite - DEBUG - executing functools.partial(<built-in method cursor of sqlite3.Connection object at 0x7f4bc8c3e7a0>)
2026-01-30 07:16:42,012 - aiosqlite - DEBUG - operation functools.partial(<built-in method cursor of sqlite3.Connection object at 0x7f4bc8c3e7a0>) completed
2026-01-30 07:16:42,012 - aiosqlite - DEBUG - executing functools.partial(<built-in method execute of sqlite3.Cursor object at 0x7f4bc8a95940>, 'PRAGMA main.table_info("users")', ())
2026-01-30 07:16:42,014 - aiosqlite - DEBUG - operation functools.partial(<built-in method execute of sqlite3.Cursor object at 0x7f4bc8a95940>, 'PRAGMA main.table_info("users")', ()) completed
2026-01-30 07:16:42,015 - aiosqlite - DEBUG - executing functools.partial(<built-in method fetchall of sqlite3.Cursor object at 0x7f4bc8a95940>)
2026-01-30 07:16:42,015 - aiosqlite - DEBUG - operation functools.partial(<built-in method fetchall of sqlite3.Cursor object at 0x7f4bc8a95940>) completed
2026-01-30 07:16:42,015 - aiosqlite - DEBUG - executing functools.partial(<built-in method close of sqlite3.Cursor object at 0x7f4bc8a95940>)
2026-01-30 07:16:42,015 - aiosqlite - DEBUG - operation functools.partial(<built-in method close of sqlite3.Cursor object at 0x7f4bc8a95940>) completed
2026-01-30 07:16:42,016 - aiosqlite - DEBUG - executing functools.partial(<built-in method cursor of sqlite3.Connection object at 0x7f4bc8c3e7a0>)
2026-01-30 07:16:42,016 - aiosqlite - DEBUG - operation functools.partial(<built-in method cursor of sqlite3.Connection object at 0x7f4bc8c3e7a0>) completed
2026-01-30 07:16:42,016 - aiosqlite - DEBUG - executing functools.partial(<built-in method execute of sqlite3.Cursor object at 0x7f4bc8a95a40>, 'PRAGMA temp.table_info("users")', ())
2026-01-30 07:16:42,017 - aiosqlite - DEBUG - operation functools.partial(<built-in method execute of sqlite3.Cursor object at 0x7f4bc8a95a40>, 'PRAGMA temp.table_info("users")', ()) completed
2026-01-30 07:16:42,017 - aiosqlite - DEBUG - executing functools.partial(<built-in method fetchall of sqlite3.Cursor object at 0x7f4bc8a95a40>)
2026-01-30 07:16:42,017 - aiosqlite - DEBUG - operation functools.partial(<built-in method fetchall of sqlite3.Cursor object at 0x7f4bc8a95a40>) completed
2026-01-30 07:16:42,017 - aiosqlite - DEBUG - executing functools.partial(<built-in method close of sqlite3.Cursor object at 0x7f4bc8a95a40>)
2026-01-30 07:16:42,017 - aiosqlite - DEBUG - operation functools.partial(<built-in method close of sqlite3.Cursor object at 0x7f4bc8a95a40>) completed
2026-01-30 07:16:42,018 - aiosqlite - DEBUG - executing functools.partial(<built-in method cursor of sqlite3.Connection object at 0x7f4bc8c3e7a0>)
2026-01-30 07:16:42,018 - aiosqlite - DEBUG - operation functools.partial(<built-in method cursor of sqlite3.Connection object at 0x7f4bc8c3e7a0>) completed
2026-01-30 07:16:42,018 - aiosqlite - DEBUG - executing functools.partial(<built-in method execute of sqlite3.Cursor object at 0x7f4bc8a95b40>, 'PRAGMA main.table_info("workspace_members")', ())
2026-01-30 07:16:42,018 - aiosqlite - DEBUG - operation functools.partial(<built-in method execute of sqlite3.Cursor object at 0x7f4bc8a95b40>, 'PRAGMA main.table_info("workspace_members")', ()) completed
2026-01-30 07:16:42,019 - aiosqlite - DEBUG - executing functools.partial(<built-in method fetchall of sqlite3.Cursor object at 0x7f4bc8a95b40>)
2026-01-30 07:16:42,019 - aiosqlite - DEBUG - operation functools.partial(<built-in method fetchall of sqlite3.Cursor object at 0x7f4bc8a95b40>) completed
2026-01-30 07:16:42,019 - aiosqlite - DEBUG - executing functools.partial(<built-in method close of sqlite3.Cursor object at 0x7f4bc8a95b40>)
2026-01-30 07:16:42,019 - aiosqlite - DEBUG - operation functools.partial(<built-in method close of sqlite3.Cursor object at 0x7f4bc8a95b40>) completed
2026-01-30 07:16:42,020 - aiosqlite - DEBUG - executing functools.partial(<built-in method cursor of sqlite3.Connection object at 0x7f4bc8c3e7a0>)
2026-01-30 07:16:42,020 - aiosqlite - DEBUG - operation functools.partial(<built-in method cursor of sqlite3.Connection object at 0x7f4bc8c3e7a0>) completed
2026-01-30 07:16:42,020 - aiosqlite - DEBUG - executing functools.partial(<built-in method execute of sqlite3.Cursor object at 0x7f4bc8a95bc0>, 'PRAGMA temp.table_info("workspace_members")', ())
2026-01-30 07:16:42,020 - aiosqlite - DEBUG - operation functools.partial(<built-in method execute of sqlite3.Cursor object at 0x7f4bc8a95bc0>, 'PRAGMA temp.table_info("workspace_members")', ()) completed
2026-01-30 07:16:42,020 - aiosqlite - DEBUG - executing functools.partial(<built-in method fetchall of sqlite3.Cursor object at 0x7f4bc8a95bc0>)
2026-01-30 07:16:42,021 - aiosqlite - DEBUG - operation functools.partial(<built-in method fetchall of sqlite3.Cursor object at 0x7f4bc8a95bc0>) completed
2026-01-30 07:16:42,021 - aiosqlite - DEBUG - executing functools.partial(<built-in method close of sqlite3.Cursor object at 0x7f4bc8a95bc0>)
2026-01-30 07:16:42,021 - aiosqlite - DEBUG - operation functools.partial(<built-in method close of sqlite3.Cursor object at 0x7f4bc8a95bc0>) completed
2026-01-30 07:16:42,021 - aiosqlite - DEBUG - executing functools.partial(<built-in method cursor of sqlite3.Connection object at 0x7f4bc8c3e7a0>)
2026-01-30 07:16:42,021 - aiosqlite - DEBUG - operation functools.partial(<built-in method cursor of sqlite3.Connection object at 0x7f4bc8c3e7a0>) completed
2026-01-30 07:16:42,022 - aiosqlite - DEBUG - executing functools.partial(<built-in method execute of sqlite3.Cursor object at 0x7f4bc8a95c40>, 'PRAGMA main.table_info("workspaces")', ())
2026-01-30 07:16:42,022 - aiosqlite - DEBUG - operation functools.partial(<built-in method execute of sqlite3.Cursor object at 0x7f4bc8a95c40>, 'PRAGMA main.table_info("workspaces")', ()) completed
2026-01-30 07:16:42,022 - aiosqlite - DEBUG - executing functools.partial(<built-in method fetchall of sqlite3.Cursor object at 0x7f4bc8a95c40>)
2026-01-30 07:16:42,022 - aiosqlite - DEBUG - operation functools.partial(<built-in method fetchall of sqlite3.Cursor object at 0x7f4bc8a95c40>) completed
2026-01-30 07:16:42,023 - aiosqlite - DEBUG - executing functools.partial(<built-in method close of sqlite3.Cursor object at 0x7f4bc8a95c40>)
2026-01-30 07:16:42,023 - aiosqlite - DEBUG - operation functools.partial(<built-in method close of sqlite3.Cursor object at 0x7f4bc8a95c40>) completed
2026-01-30 07:16:42,023 - aiosqlite - DEBUG - executing functools.partial(<built-in method cursor of sqlite3.Connection object at 0x7f4bc8c3e7a0>)
2026-01-30 07:16:42,023 - aiosqlite - DEBUG - operation functools.partial(<built-in method cursor of sqlite3.Connection object at 0x7f4bc8c3e7a0>) completed
2026-01-30 07:16:42,023 - aiosqlite - DEBUG - executing functools.partial(<built-in method execute of sqlite3.Cursor object at 0x7f4bc8a95d40>, 'PRAGMA temp.table_info("workspaces")', ())
2026-01-30 07:16:42,024 - aiosqlite - DEBUG - operation functools.partial(<built-in method execute of sqlite3.Cursor object at 0x7f4bc8a95d40>, 'PRAGMA temp.table_info("workspaces")', ()) completed
2026-01-30 07:16:42,024 - aiosqlite - DEBUG - executing functools.partial(<built-in method fetchall of sqlite3.Cursor object at 0x7f4bc8a95d40>)
2026-01-30 07:16:42,024 - aiosqlite - DEBUG - operation functools.partial(<built-in method fetchall of sqlite3.Cursor object at 0x7f4bc8a95d40>) completed
2026-01-30 07:16:42,024 - aiosqlite - DEBUG - executing functools.partial(<built-in method close of sqlite3.Cursor object at 0x7f4bc8a95d40>)
2026-01-30 07:16:42,024 - aiosqlite - DEBUG - operation functools.partial(<built-in method close of sqlite3.Cursor object at 0x7f4bc8a95d40>) completed
2026-01-30 07:16:42,025 - aiosqlite - DEBUG - executing functools.partial(<built-in method cursor of sqlite3.Connection object at 0x7f4bc8c3e7a0>)
2026-01-30 07:16:42,025 - aiosqlite - DEBUG - operation functools.partial(<built-in method cursor of sqlite3.Connection object at 0x7f4bc8c3e7a0>) completed
2026-01-30 07:16:42,025 - aiosqlite - DEBUG - executing functools.partial(<built-in method execute of sqlite3.Cursor object at 0x7f4bc8a95e40>, 'PRAGMA main.table_info("message_artifacts")', ())
2026-01-30 07:16:42,025 - aiosqlite - DEBUG - operation functools.partial(<built-in method execute of sqlite3.Cursor object at 0x7f4bc8a95e40>, 'PRAGMA main.table_info("message_artifacts")', ()) completed
2026-01-30 07:16:42,025 - aiosqlite - DEBUG - executing functools.partial(<built-in method fetchall of sqlite3.Cursor object at 0x7f4bc8a95e40>)
2026-01-30 07:16:42,025 - aiosqlite - DEBUG - operation functools.partial(<built-in method fetchall of sqlite3.Cursor object at 0x7f4bc8a95e40>) completed
2026-01-30 07:16:42,026 - aiosqlite - DEBUG - executing functools.partial(<built-in method close of sqlite3.Cursor object at 0x7f4bc8a95e40>)
2026-01-30 07:16:42,026 - aiosqlite - DEBUG - operation functools.partial(<built-in method close of sqlite3.Cursor object at 0x7f4bc8a95e40>) completed
2026-01-30 07:16:42,026 - aiosqlite - DEBUG - executing functools.partial(<built-in method cursor of sqlite3.Connection object at 0x7f4bc8c3e7a0>)
2026-01-30 07:16:42,026 - aiosqlite - DEBUG - operation functools.partial(<built-in method cursor of sqlite3.Connection object at 0x7f4bc8c3e7a0>) completed
2026-01-30 07:16:42,027 - aiosqlite - DEBUG - executing functools.partial(<built-in method execute of sqlite3.Cursor object at 0x7f4bc8a95ec0>, 'PRAGMA temp.table_info("message_artifacts")', ())
2026-01-30 07:16:42,027 - aiosqlite - DEBUG - operation functools.partial(<built-in method execute of sqlite3.Cursor object at 0x7f4bc8a95ec0>, 'PRAGMA temp.table_info("message_artifacts")', ()) completed
2026-01-30 07:16:42,027 - aiosqlite - DEBUG - executing functools.partial(<built-in method fetchall of sqlite3.Cursor object at 0x7f4bc8a95ec0>)
2026-01-30 07:16:42,027 - aiosqlite - DEBUG - operation functools.partial(<built-in method fetchall of sqlite3.Cursor object at 0x7f4bc8a95ec0>) completed
2026-01-30 07:16:42,027 - aiosqlite - DEBUG - executing functools.partial(<built-in method close of sqlite3.Cursor object at 0x7f4bc8a95ec0>)
2026-01-30 07:16:42,027 - aiosqlite - DEBUG - operation functools.partial(<built-in method close of sqlite3.Cursor object at 0x7f4bc8a95ec0>) completed
2026-01-30 07:16:42,028 - aiosqlite - DEBUG - executing functools.partial(<built-in method cursor of sqlite3.Connection object at 0x7f4bc8c3e7a0>)
2026-01-30 07:16:42,028 - aiosqlite - DEBUG - operation functools.partial(<built-in method cursor of sqlite3.Connection object at 0x7f4bc8c3e7a0>) completed
2026-01-30 07:16:42,028 - aiosqlite - DEBUG - executing functools.partial(<built-in method execute of sqlite3.Cursor object at 0x7f4bc8a96040>, 'PRAGMA main.table_info("chat_sessions")', ())
2026-01-30 07:16:42,028 - aiosqlite - DEBUG - operation functools.partial(<built-in method execute of sqlite3.Cursor object at 0x7f4bc8a96040>, 'PRAGMA main.table_info("chat_sessions")', ()) completed
2026-01-30 07:16:42,029 - aiosqlite - DEBUG - executing functools.partial(<built-in method fetchall of sqlite3.Cursor object at 0x7f4bc8a96040>)
2026-01-30 07:16:42,029 - aiosqlite - DEBUG - operation functools.partial(<built-in method fetchall of sqlite3.Cursor object at 0x7f4bc8a96040>) completed
2026-01-30 07:16:42,029 - aiosqlite - DEBUG - executing functools.partial(<built-in method close of sqlite3.Cursor object at 0x7f4bc8a96040>)
2026-01-30 07:16:42,029 - aiosqlite - DEBUG - operation functools.partial(<built-in method close of sqlite3.Cursor object at 0x7f4bc8a96040>) completed
2026-01-30 07:16:42,029 - aiosqlite - DEBUG - executing functools.partial(<built-in method cursor of sqlite3.Connection object at 0x7f4bc8c3e7a0>)
2026-01-30 07:16:42,029 - aiosqlite - DEBUG - operation functools.partial(<built-in method cursor of sqlite3.Connection object at 0x7f4bc8c3e7a0>) completed
2026-01-30 07:16:42,030 - aiosqlite - DEBUG - executing functools.partial(<built-in method execute of sqlite3.Cursor object at 0x7f4bc8a960c0>, 'PRAGMA temp.table_info("chat_sessions")', ())
2026-01-30 07:16:42,030 - aiosqlite - DEBUG - operation functools.partial(<built-in method execute of sqlite3.Cursor object at 0x7f4bc8a960c0>, 'PRAGMA temp.table_info("chat_sessions")', ()) completed
2026-01-30 07:16:42,030 - aiosqlite - DEBUG - executing functools.partial(<built-in method fetchall of sqlite3.Cursor object at 0x7f4bc8a960c0>)
2026-01-30 07:16:42,030 - aiosqlite - DEBUG - operation functools.partial(<built-in method fetchall of sqlite3.Cursor object at 0x7f4bc8a960c0>) completed
2026-01-30 07:16:42,031 - aiosqlite - DEBUG - executing functools.partial(<built-in method close of sqlite3.Cursor object at 0x7f4bc8a960c0>)
2026-01-30 07:16:42,031 - aiosqlite - DEBUG - operation functools.partial(<built-in method close of sqlite3.Cursor object at 0x7f4bc8a960c0>) completed
2026-01-30 07:16:42,031 - aiosqlite - DEBUG - executing functools.partial(<built-in method cursor of sqlite3.Connection object at 0x7f4bc8c3e7a0>)
2026-01-30 07:16:42,031 - aiosqlite - DEBUG - operation functools.partial(<built-in method cursor of sqlite3.Connection object at 0x7f4bc8c3e7a0>) completed
2026-01-30 07:16:42,031 - aiosqlite - DEBUG - executing functools.partial(<built-in method execute of sqlite3.Cursor object at 0x7f4bc8a961c0>, 'PRAGMA main.table_info("chat_messages")', ())
2026-01-30 07:16:42,032 - aiosqlite - DEBUG - operation functools.partial(<built-in method execute of sqlite3.Cursor object at 0x7f4bc8a961c0>, 'PRAGMA main.table_info("chat_messages")', ()) completed
2026-01-30 07:16:42,032 - aiosqlite - DEBUG - executing functools.partial(<built-in method fetchall of sqlite3.Cursor object at 0x7f4bc8a961c0>)
2026-01-30 07:16:42,032 - aiosqlite - DEBUG - operation functools.partial(<built-in method fetchall of sqlite3.Cursor object at 0x7f4bc8a961c0>) completed
2026-01-30 07:16:42,032 - aiosqlite - DEBUG - executing functools.partial(<built-in method close of sqlite3.Cursor object at 0x7f4bc8a961c0>)
2026-01-30 07:16:42,032 - aiosqlite - DEBUG - operation functools.partial(<built-in method close of sqlite3.Cursor object at 0x7f4bc8a961c0>) completed
2026-01-30 07:16:42,032 - aiosqlite - DEBUG - executing functools.partial(<built-in method cursor of sqlite3.Connection object at 0x7f4bc8c3e7a0>)
2026-01-30 07:16:42,033 - aiosqlite - DEBUG - operation functools.partial(<built-in method cursor of sqlite3.Connection object at 0x7f4bc8c3e7a0>) completed
2026-01-30 07:16:42,033 - aiosqlite - DEBUG - executing functools.partial(<built-in method execute of sqlite3.Cursor object at 0x7f4bc8a96240>, 'PRAGMA temp.table_info("chat_messages")', ())
2026-01-30 07:16:42,033 - aiosqlite - DEBUG - operation functools.partial(<built-in method execute of sqlite3.Cursor object at 0x7f4bc8a96240>, 'PRAGMA temp.table_info("chat_messages")', ()) completed
2026-01-30 07:16:42,033 - aiosqlite - DEBUG - executing functools.partial(<built-in method fetchall of sqlite3.Cursor object at 0x7f4bc8a96240>)
2026-01-30 07:16:42,033 - aiosqlite - DEBUG - operation functools.partial(<built-in method fetchall of sqlite3.Cursor object at 0x7f4bc8a96240>) completed
2026-01-30 07:16:42,034 - aiosqlite - DEBUG - executing functools.partial(<built-in method close of sqlite3.Cursor object at 0x7f4bc8a96240>)
2026-01-30 07:16:42,034 - aiosqlite - DEBUG - operation functools.partial(<built-in method close of sqlite3.Cursor object at 0x7f4bc8a96240>) completed
2026-01-30 07:16:42,034 - aiosqlite - DEBUG - executing functools.partial(<built-in method cursor of sqlite3.Connection object at 0x7f4bc8c3e7a0>)
2026-01-30 07:16:42,034 - aiosqlite - DEBUG - operation functools.partial(<built-in method cursor of sqlite3.Connection object at 0x7f4bc8c3e7a0>) completed
2026-01-30 07:16:42,034 - aiosqlite - DEBUG - executing functools.partial(<built-in method execute of sqlite3.Cursor object at 0x7f4bc8a962c0>, 'PRAGMA main.table_info("artifacts")', ())
2026-01-30 07:16:42,035 - aiosqlite - DEBUG - operation functools.partial(<built-in method execute of sqlite3.Cursor object at 0x7f4bc8a962c0>, 'PRAGMA main.table_info("artifacts")', ()) completed
2026-01-30 07:16:42,035 - aiosqlite - DEBUG - executing functools.partial(<built-in method fetchall of sqlite3.Cursor object at 0x7f4bc8a962c0>)
2026-01-30 07:16:42,035 - aiosqlite - DEBUG - operation functools.partial(<built-in method fetchall of sqlite3.Cursor object at 0x7f4bc8a962c0>) completed
2026-01-30 07:16:42,035 - aiosqlite - DEBUG - executing functools.partial(<built-in method close of sqlite3.Cursor object at 0x7f4bc8a962c0>)
2026-01-30 07:16:42,035 - aiosqlite - DEBUG - operation functools.partial(<built-in method close of sqlite3.Cursor object at 0x7f4bc8a962c0>) completed
2026-01-30 07:16:42,036 - aiosqlite - DEBUG - executing functools.partial(<built-in method cursor of sqlite3.Connection object at 0x7f4bc8c3e7a0>)
2026-01-30 07:16:42,036 - aiosqlite - DEBUG - operation functools.partial(<built-in method cursor of sqlite3.Connection object at 0x7f4bc8c3e7a0>) completed
2026-01-30 07:16:42,036 - aiosqlite - DEBUG - executing functools.partial(<built-in method execute of sqlite3.Cursor object at 0x7f4bc8a96340>, 'PRAGMA temp.table_info("artifacts")', ())
2026-01-30 07:16:42,036 - aiosqlite - DEBUG - operation functools.partial(<built-in method execute of sqlite3.Cursor object at 0x7f4bc8a96340>, 'PRAGMA temp.table_info("artifacts")', ()) completed
2026-01-30 07:16:42,036 - aiosqlite - DEBUG - executing functools.partial(<built-in method fetchall of sqlite3.Cursor object at 0x7f4bc8a96340>)
2026-01-30 07:16:42,037 - aiosqlite - DEBUG - operation functools.partial(<built-in method fetchall of sqlite3.Cursor object at 0x7f4bc8a96340>) completed
2026-01-30 07:16:42,037 - aiosqlite - DEBUG - executing functools.partial(<built-in method close of sqlite3.Cursor object at 0x7f4bc8a96340>)
2026-01-30 07:16:42,037 - aiosqlite - DEBUG - operation functools.partial(<built-in method close of sqlite3.Cursor object at 0x7f4bc8a96340>) completed
2026-01-30 07:16:42,037 - aiosqlite - DEBUG - executing functools.partial(<built-in method cursor of sqlite3.Connection object at 0x7f4bc8c3e7a0>)
2026-01-30 07:16:42,037 - aiosqlite - DEBUG - operation functools.partial(<built-in method cursor of sqlite3.Connection object at 0x7f4bc8c3e7a0>) completed
2026-01-30 07:16:42,038 - aiosqlite - DEBUG - executing functools.partial(<built-in method execute of sqlite3.Cursor object at 0x7f4bc8a963c0>, 'PRAGMA main.table_info("mutation_records")', ())
2026-01-30 07:16:42,038 - aiosqlite - DEBUG - operation functools.partial(<built-in method execute of sqlite3.Cursor object at 0x7f4bc8a963c0>, 'PRAGMA main.table_info("mutation_records")', ()) completed
2026-01-30 07:16:42,038 - aiosqlite - DEBUG - executing functools.partial(<built-in method fetchall of sqlite3.Cursor object at 0x7f4bc8a963c0>)
2026-01-30 07:16:42,038 - aiosqlite - DEBUG - operation functools.partial(<built-in method fetchall of sqlite3.Cursor object at 0x7f4bc8a963c0>) completed
2026-01-30 07:16:42,038 - aiosqlite - DEBUG - executing functools.partial(<built-in method close of sqlite3.Cursor object at 0x7f4bc8a963c0>)
2026-01-30 07:16:42,038 - aiosqlite - DEBUG - operation functools.partial(<built-in method close of sqlite3.Cursor object at 0x7f4bc8a963c0>) completed
2026-01-30 07:16:42,039 - aiosqlite - DEBUG - executing functools.partial(<built-in method cursor of sqlite3.Connection object at 0x7f4bc8c3e7a0>)
2026-01-30 07:16:42,039 - aiosqlite - DEBUG - operation functools.partial(<built-in method cursor of sqlite3.Connection object at 0x7f4bc8c3e7a0>) completed
2026-01-30 07:16:42,039 - aiosqlite - DEBUG - executing functools.partial(<built-in method execute of sqlite3.Cursor object at 0x7f4bc8a96440>, 'PRAGMA temp.table_info("mutation_records")', ())
2026-01-30 07:16:42,039 - aiosqlite - DEBUG - operation functools.partial(<built-in method execute of sqlite3.Cursor object at 0x7f4bc8a96440>, 'PRAGMA temp.table_info("mutation_records")', ()) completed
2026-01-30 07:16:42,039 - aiosqlite - DEBUG - executing functools.partial(<built-in method fetchall of sqlite3.Cursor object at 0x7f4bc8a96440>)
2026-01-30 07:16:42,039 - aiosqlite - DEBUG - operation functools.partial(<built-in method fetchall of sqlite3.Cursor object at 0x7f4bc8a96440>) completed
2026-01-30 07:16:42,040 - aiosqlite - DEBUG - executing functools.partial(<built-in method close of sqlite3.Cursor object at 0x7f4bc8a96440>)
2026-01-30 07:16:42,040 - aiosqlite - DEBUG - operation functools.partial(<built-in method close of sqlite3.Cursor object at 0x7f4bc8a96440>) completed
2026-01-30 07:16:42,040 - aiosqlite - DEBUG - executing functools.partial(<built-in method cursor of sqlite3.Connection object at 0x7f4bc8c3e7a0>)
2026-01-30 07:16:42,040 - aiosqlite - DEBUG - operation functools.partial(<built-in method cursor of sqlite3.Connection object at 0x7f4bc8c3e7a0>) completed
2026-01-30 07:16:42,040 - aiosqlite - DEBUG - executing functools.partial(<built-in method execute of sqlite3.Cursor object at 0x7f4bc8a95f40>, 'PRAGMA main.table_info("archived_panes")', ())
2026-01-30 07:16:42,041 - aiosqlite - DEBUG - operation functools.partial(<built-in method execute of sqlite3.Cursor object at 0x7f4bc8a95f40>, 'PRAGMA main.table_info("archived_panes")', ()) completed
2026-01-30 07:16:42,041 - aiosqlite - DEBUG - executing functools.partial(<built-in method fetchall of sqlite3.Cursor object at 0x7f4bc8a95f40>)
2026-01-30 07:16:42,041 - aiosqlite - DEBUG - operation functools.partial(<built-in method fetchall of sqlite3.Cursor object at 0x7f4bc8a95f40>) completed
2026-01-30 07:16:42,041 - aiosqlite - DEBUG - executing functools.partial(<built-in method close of sqlite3.Cursor object at 0x7f4bc8a95f40>)
2026-01-30 07:16:42,041 - aiosqlite - DEBUG - operation functools.partial(<built-in method close of sqlite3.Cursor object at 0x7f4bc8a95f40>) completed
2026-01-30 07:16:42,042 - aiosqlite - DEBUG - executing functools.partial(<built-in method cursor of sqlite3.Connection object at 0x7f4bc8c3e7a0>)
2026-01-30 07:16:42,042 - aiosqlite - DEBUG - operation functools.partial(<built-in method cursor of sqlite3.Connection object at 0x7f4bc8c3e7a0>) completed
2026-01-30 07:16:42,042 - aiosqlite - DEBUG - executing functools.partial(<built-in method execute of sqlite3.Cursor object at 0x7f4bc8a964c0>, 'PRAGMA temp.table_info("archived_panes")', ())
2026-01-30 07:16:42,042 - aiosqlite - DEBUG - operation functools.partial(<built-in method execute of sqlite3.Cursor object at 0x7f4bc8a964c0>, 'PRAGMA temp.table_info("archived_panes")', ()) completed
2026-01-30 07:16:42,043 - aiosqlite - DEBUG - executing functools.partial(<built-in method fetchall of sqlite3.Cursor object at 0x7f4bc8a964c0>)
2026-01-30 07:16:42,043 - aiosqlite - DEBUG - operation functools.partial(<built-in method fetchall of sqlite3.Cursor object at 0x7f4bc8a964c0>) completed
2026-01-30 07:16:42,043 - aiosqlite - DEBUG - executing functools.partial(<built-in method close of sqlite3.Cursor object at 0x7f4bc8a964c0>)
2026-01-30 07:16:42,043 - aiosqlite - DEBUG - operation functools.partial(<built-in method close of sqlite3.Cursor object at 0x7f4bc8a964c0>) completed
2026-01-30 07:16:42,045 - aiosqlite - DEBUG - executing functools.partial(<built-in method cursor of sqlite3.Connection object at 0x7f4bc8c3e7a0>)
2026-01-30 07:16:42,045 - aiosqlite - DEBUG - operation functools.partial(<built-in method cursor of sqlite3.Connection object at 0x7f4bc8c3e7a0>) completed
2026-01-30 07:16:42,045 - aiosqlite - DEBUG - executing functools.partial(<built-in method execute of sqlite3.Cursor object at 0x7f4bc8a95fc0>, '\nCREATE TABLE users (\n\tid INTEGER NOT NULL, \n\tuser_id VARCHAR NOT NULL, \n\tprofile JSON, \n\tenabled BOOLEAN, \n\tactive_workspace_id VARCHAR, \n\tPRIMARY KEY (id)\n)\n\n', ())
2026-01-30 07:16:42,053 - aiosqlite - DEBUG - operation functools.partial(<built-in method execute of sqlite3.Cursor object at 0x7f4bc8a95fc0>, '\nCREATE TABLE users (\n\tid INTEGER NOT NULL, \n\tuser_id VARCHAR NOT NULL, \n\tprofile JSON, \n\tenabled BOOLEAN, \n\tactive_workspace_id VARCHAR, \n\tPRIMARY KEY (id)\n)\n\n', ()) completed
2026-01-30 07:16:42,053 - aiosqlite - DEBUG - executing functools.partial(<built-in method close of sqlite3.Cursor object at 0x7f4bc8a95fc0>)
2026-01-30 07:16:42,053 - aiosqlite - DEBUG - operation functools.partial(<built-in method close of sqlite3.Cursor object at 0x7f4bc8a95fc0>) completed
2026-01-30 07:16:42,054 - aiosqlite - DEBUG - executing functools.partial(<built-in method cursor of sqlite3.Connection object at 0x7f4bc8c3e7a0>)
2026-01-30 07:16:42,054 - aiosqlite - DEBUG - operation functools.partial(<built-in method cursor of sqlite3.Connection object at 0x7f4bc8c3e7a0>) completed
2026-01-30 07:16:42,055 - aiosqlite - DEBUG - executing functools.partial(<built-in method execute of sqlite3.Cursor object at 0x7f4bc8a95ac0>, 'CREATE UNIQUE INDEX ix_users_user_id ON users (user_id)', ())
2026-01-30 07:16:42,060 - aiosqlite - DEBUG - operation functools.partial(<built-in method execute of sqlite3.Cursor object at 0x7f4bc8a95ac0>, 'CREATE UNIQUE INDEX ix_users_user_id ON users (user_id)', ()) completed
2026-01-30 07:16:42,060 - aiosqlite - DEBUG - executing functools.partial(<built-in method close of sqlite3.Cursor object at 0x7f4bc8a95ac0>)
2026-01-30 07:16:42,060 - aiosqlite - DEBUG - operation functools.partial(<built-in method close of sqlite3.Cursor object at 0x7f4bc8a95ac0>) completed
2026-01-30 07:16:42,061 - aiosqlite - DEBUG - executing functools.partial(<built-in method cursor of sqlite3.Connection object at 0x7f4bc8c3e7a0>)
2026-01-30 07:16:42,061 - aiosqlite - DEBUG - operation functools.partial(<built-in method cursor of sqlite3.Connection object at 0x7f4bc8c3e7a0>) completed
2026-01-30 07:16:42,062 - aiosqlite - DEBUG - executing functools.partial(<built-in method execute of sqlite3.Cursor object at 0x7f4bc8a96c40>, '\nCREATE TABLE workspaces (\n\tid VARCHAR NOT NULL, \n\tname VARCHAR NOT NULL, \n\tstate JSON, \n\tis_archived BOOLEAN, \n\tupdated_at DATETIME, \n\tPRIMARY KEY (id)\n)\n\n', ())
2026-01-30 07:16:42,066 - aiosqlite - DEBUG - operation functools.partial(<built-in method execute of sqlite3.Cursor object at 0x7f4bc8a96c40>, '\nCREATE TABLE workspaces (\n\tid VARCHAR NOT NULL, \n\tname VARCHAR NOT NULL, \n\tstate JSON, \n\tis_archived BOOLEAN, \n\tupdated_at DATETIME, \n\tPRIMARY KEY (id)\n)\n\n', ()) completed
2026-01-30 07:16:42,066 - aiosqlite - DEBUG - executing functools.partial(<built-in method close of sqlite3.Cursor object at 0x7f4bc8a96c40>)
2026-01-30 07:16:42,066 - aiosqlite - DEBUG - operation functools.partial(<built-in method close of sqlite3.Cursor object at 0x7f4bc8a96c40>) completed
2026-01-30 07:16:42,067 - aiosqlite - DEBUG - executing functools.partial(<built-in method cursor of sqlite3.Connection object at 0x7f4bc8c3e7a0>)
2026-01-30 07:16:42,067 - aiosqlite - DEBUG - operation functools.partial(<built-in method cursor of sqlite3.Connection object at 0x7f4bc8c3e7a0>) completed
2026-01-30 07:16:42,068 - aiosqlite - DEBUG - executing functools.partial(<built-in method execute of sqlite3.Cursor object at 0x7f4bc8a956c0>, '\nCREATE TABLE workspace_members (\n\tworkspace_id VARCHAR NOT NULL, \n\tuser_id INTEGER NOT NULL, \n\trole VARCHAR, \n\tPRIMARY KEY (workspace_id, user_id), \n\tFOREIGN KEY(workspace_id) REFERENCES workspaces (id), \n\tFOREIGN KEY(user_id) REFERENCES users (id)\n)\n\n', ())
2026-01-30 07:16:42,072 - aiosqlite - DEBUG - operation functools.partial(<built-in method execute of sqlite3.Cursor object at 0x7f4bc8a956c0>, '\nCREATE TABLE workspace_members (\n\tworkspace_id VARCHAR NOT NULL, \n\tuser_id INTEGER NOT NULL, \n\trole VARCHAR, \n\tPRIMARY KEY (workspace_id, user_id), \n\tFOREIGN KEY(workspace_id) REFERENCES workspaces (id), \n\tFOREIGN KEY(user_id) REFERENCES users (id)\n)\n\n', ()) completed
2026-01-30 07:16:42,073 - aiosqlite - DEBUG - executing functools.partial(<built-in method close of sqlite3.Cursor object at 0x7f4bc8a956c0>)
2026-01-30 07:16:42,073 - aiosqlite - DEBUG - operation functools.partial(<built-in method close of sqlite3.Cursor object at 0x7f4bc8a956c0>) completed
2026-01-30 07:16:42,074 - aiosqlite - DEBUG - executing functools.partial(<built-in method cursor of sqlite3.Connection object at 0x7f4bc8c3e7a0>)
2026-01-30 07:16:42,074 - aiosqlite - DEBUG - operation functools.partial(<built-in method cursor of sqlite3.Connection object at 0x7f4bc8c3e7a0>) completed
2026-01-30 07:16:42,074 - aiosqlite - DEBUG - executing functools.partial(<built-in method execute of sqlite3.Cursor object at 0x7f4bc8a96e40>, '\nCREATE TABLE chat_sessions (\n\tid VARCHAR NOT NULL, \n\tname VARCHAR NOT NULL, \n\tworkspace_id VARCHAR NOT NULL, \n\tis_active BOOLEAN, \n\tcreated_at DATETIME, \n\tPRIMARY KEY (id), \n\tFOREIGN KEY(workspace_id) REFERENCES workspaces (id)\n)\n\n', ())
2026-01-30 07:16:42,080 - aiosqlite - DEBUG - operation functools.partial(<built-in method execute of sqlite3.Cursor object at 0x7f4bc8a96e40>, '\nCREATE TABLE chat_sessions (\n\tid VARCHAR NOT NULL, \n\tname VARCHAR NOT NULL, \n\tworkspace_id VARCHAR NOT NULL, \n\tis_active BOOLEAN, \n\tcreated_at DATETIME, \n\tPRIMARY KEY (id), \n\tFOREIGN KEY(workspace_id) REFERENCES workspaces (id)\n)\n\n', ()) completed
2026-01-30 07:16:42,081 - aiosqlite - DEBUG - executing functools.partial(<built-in method close of sqlite3.Cursor object at 0x7f4bc8a96e40>)
2026-01-30 07:16:42,081 - aiosqlite - DEBUG - operation functools.partial(<built-in method close of sqlite3.Cursor object at 0x7f4bc8a96e40>) completed
2026-01-30 07:16:42,083 - aiosqlite - DEBUG - executing functools.partial(<built-in method cursor of sqlite3.Connection object at 0x7f4bc8c3e7a0>)
2026-01-30 07:16:42,083 - aiosqlite - DEBUG - operation functools.partial(<built-in method cursor of sqlite3.Connection object at 0x7f4bc8c3e7a0>) completed
2026-01-30 07:16:42,084 - aiosqlite - DEBUG - executing functools.partial(<built-in method execute of sqlite3.Cursor object at 0x7f4bc8a97b40>, '\nCREATE TABLE archived_panes (\n\tid VARCHAR NOT NULL, \n\tworkspace_id VARCHAR NOT NULL, \n\tuser_id INTEGER, \n\tpane_data JSON NOT NULL, \n\tarchived_at DATETIME, \n\tPRIMARY KEY (id), \n\tFOREIGN KEY(workspace_id) REFERENCES workspaces (id), \n\tFOREIGN KEY(user_id) REFERENCES users (id)\n)\n\n', ())
2026-01-30 07:16:42,087 - aiosqlite - DEBUG - operation functools.partial(<built-in method execute of sqlite3.Cursor object at 0x7f4bc8a97b40>, '\nCREATE TABLE archived_panes (\n\tid VARCHAR NOT NULL, \n\tworkspace_id VARCHAR NOT NULL, \n\tuser_id INTEGER, \n\tpane_data JSON NOT NULL, \n\tarchived_at DATETIME, \n\tPRIMARY KEY (id), \n\tFOREIGN KEY(workspace_id) REFERENCES workspaces (id), \n\tFOREIGN KEY(user_id) REFERENCES users (id)\n)\n\n', ()) completed
2026-01-30 07:16:42,088 - aiosqlite - DEBUG - executing functools.partial(<built-in method close of sqlite3.Cursor object at 0x7f4bc8a97b40>)
2026-01-30 07:16:42,088 - aiosqlite - DEBUG - operation functools.partial(<built-in method close of sqlite3.Cursor object at 0x7f4bc8a97b40>) completed
2026-01-30 07:16:42,089 - aiosqlite - DEBUG - executing functools.partial(<built-in method cursor of sqlite3.Connection object at 0x7f4bc8c3e7a0>)
2026-01-30 07:16:42,089 - aiosqlite - DEBUG - operation functools.partial(<built-in method cursor of sqlite3.Connection object at 0x7f4bc8c3e7a0>) completed
2026-01-30 07:16:42,089 - aiosqlite - DEBUG - executing functools.partial(<built-in method execute of sqlite3.Cursor object at 0x7f4bc8a973c0>, 'CREATE INDEX ix_archived_panes_workspace_id ON archived_panes (workspace_id)', ())
2026-01-30 07:16:42,094 - aiosqlite - DEBUG - operation functools.partial(<built-in method execute of sqlite3.Cursor object at 0x7f4bc8a973c0>, 'CREATE INDEX ix_archived_panes_workspace_id ON archived_panes (workspace_id)', ()) completed
2026-01-30 07:16:42,095 - aiosqlite - DEBUG - executing functools.partial(<built-in method close of sqlite3.Cursor object at 0x7f4bc8a973c0>)
2026-01-30 07:16:42,095 - aiosqlite - DEBUG - operation functools.partial(<built-in method close of sqlite3.Cursor object at 0x7f4bc8a973c0>) completed
2026-01-30 07:16:42,096 - aiosqlite - DEBUG - executing functools.partial(<built-in method cursor of sqlite3.Connection object at 0x7f4bc8c3e7a0>)
2026-01-30 07:16:42,096 - aiosqlite - DEBUG - operation functools.partial(<built-in method cursor of sqlite3.Connection object at 0x7f4bc8c3e7a0>) completed
2026-01-30 07:16:42,097 - aiosqlite - DEBUG - executing functools.partial(<built-in method execute of sqlite3.Cursor object at 0x7f4bc8a979c0>, 'CREATE INDEX ix_archived_panes_user_id ON archived_panes (user_id)', ())
2026-01-30 07:16:42,101 - aiosqlite - DEBUG - operation functools.partial(<built-in method execute of sqlite3.Cursor object at 0x7f4bc8a979c0>, 'CREATE INDEX ix_archived_panes_user_id ON archived_panes (user_id)', ()) completed
2026-01-30 07:16:42,101 - aiosqlite - DEBUG - executing functools.partial(<built-in method close of sqlite3.Cursor object at 0x7f4bc8a979c0>)
2026-01-30 07:16:42,101 - aiosqlite - DEBUG - operation functools.partial(<built-in method close of sqlite3.Cursor object at 0x7f4bc8a979c0>) completed
2026-01-30 07:16:42,102 - aiosqlite - DEBUG - executing functools.partial(<built-in method cursor of sqlite3.Connection object at 0x7f4bc8c3e7a0>)
2026-01-30 07:16:42,103 - aiosqlite - DEBUG - operation functools.partial(<built-in method cursor of sqlite3.Connection object at 0x7f4bc8c3e7a0>) completed
2026-01-30 07:16:42,103 - aiosqlite - DEBUG - executing functools.partial(<built-in method execute of sqlite3.Cursor object at 0x7f4bc8a96740>, '\nCREATE TABLE chat_messages (\n\tid INTEGER NOT NULL, \n\tsession_id VARCHAR NOT NULL, \n\trole VARCHAR NOT NULL, \n\tcontent VARCHAR NOT NULL, \n\tcreated_at DATETIME, \n\tPRIMARY KEY (id), \n\tFOREIGN KEY(session_id) REFERENCES chat_sessions (id)\n)\n\n', ())
2026-01-30 07:16:42,106 - aiosqlite - DEBUG - operation functools.partial(<built-in method execute of sqlite3.Cursor object at 0x7f4bc8a96740>, '\nCREATE TABLE chat_messages (\n\tid INTEGER NOT NULL, \n\tsession_id VARCHAR NOT NULL, \n\trole VARCHAR NOT NULL, \n\tcontent VARCHAR NOT NULL, \n\tcreated_at DATETIME, \n\tPRIMARY KEY (id), \n\tFOREIGN KEY(session_id) REFERENCES chat_sessions (id)\n)\n\n', ()) completed
2026-01-30 07:16:42,107 - aiosqlite - DEBUG - executing functools.partial(<built-in method close of sqlite3.Cursor object at 0x7f4bc8a96740>)
2026-01-30 07:16:42,107 - aiosqlite - DEBUG - operation functools.partial(<built-in method close of sqlite3.Cursor object at 0x7f4bc8a96740>) completed
2026-01-30 07:16:42,108 - aiosqlite - DEBUG - executing functools.partial(<built-in method cursor of sqlite3.Connection object at 0x7f4bc8c3e7a0>)
2026-01-30 07:16:42,108 - aiosqlite - DEBUG - operation functools.partial(<built-in method cursor of sqlite3.Connection object at 0x7f4bc8c3e7a0>) completed
2026-01-30 07:16:42,109 - aiosqlite - DEBUG - executing functools.partial(<built-in method execute of sqlite3.Cursor object at 0x7f4bc8a97240>, '\nCREATE TABLE artifacts (\n\tid VARCHAR NOT NULL, \n\ttype VARCHAR NOT NULL, \n\tpayload JSON NOT NULL, \n\tartifact_metadata JSON, \n\tsession_id VARCHAR NOT NULL, \n\tcreated_at DATETIME, \n\tPRIMARY KEY (id), \n\tFOREIGN KEY(session_id) REFERENCES chat_sessions (id)\n)\n\n', ())
2026-01-30 07:16:42,111 - aiosqlite - DEBUG - operation functools.partial(<built-in method execute of sqlite3.Cursor object at 0x7f4bc8a97240>, '\nCREATE TABLE artifacts (\n\tid VARCHAR NOT NULL, \n\ttype VARCHAR NOT NULL, \n\tpayload JSON NOT NULL, \n\tartifact_metadata JSON, \n\tsession_id VARCHAR NOT NULL, \n\tcreated_at DATETIME, \n\tPRIMARY KEY (id), \n\tFOREIGN KEY(session_id) REFERENCES chat_sessions (id)\n)\n\n', ()) completed
2026-01-30 07:16:42,112 - aiosqlite - DEBUG - executing functools.partial(<built-in method close of sqlite3.Cursor object at 0x7f4bc8a97240>)
2026-01-30 07:16:42,112 - aiosqlite - DEBUG - operation functools.partial(<built-in method close of sqlite3.Cursor object at 0x7f4bc8a97240>) completed
2026-01-30 07:16:42,113 - aiosqlite - DEBUG - executing functools.partial(<built-in method cursor of sqlite3.Connection object at 0x7f4bc8c3e7a0>)
2026-01-30 07:16:42,113 - aiosqlite - DEBUG - operation functools.partial(<built-in method cursor of sqlite3.Connection object at 0x7f4bc8c3e7a0>) completed
2026-01-30 07:16:42,114 - aiosqlite - DEBUG - executing functools.partial(<built-in method execute of sqlite3.Cursor object at 0x7f4bc8a96b40>, '\nCREATE TABLE message_artifacts (\n\tmessage_id INTEGER NOT NULL, \n\tartifact_id VARCHAR NOT NULL, \n\tPRIMARY KEY (message_id, artifact_id), \n\tFOREIGN KEY(message_id) REFERENCES chat_messages (id), \n\tFOREIGN KEY(artifact_id) REFERENCES artifacts (id)\n)\n\n', ())
2026-01-30 07:16:42,117 - aiosqlite - DEBUG - operation functools.partial(<built-in method execute of sqlite3.Cursor object at 0x7f4bc8a96b40>, '\nCREATE TABLE message_artifacts (\n\tmessage_id INTEGER NOT NULL, \n\tartifact_id VARCHAR NOT NULL, \n\tPRIMARY KEY (message_id, artifact_id), \n\tFOREIGN KEY(message_id) REFERENCES chat_messages (id), \n\tFOREIGN KEY(artifact_id) REFERENCES artifacts (id)\n)\n\n', ()) completed
2026-01-30 07:16:42,118 - aiosqlite - DEBUG - executing functools.partial(<built-in method close of sqlite3.Cursor object at 0x7f4bc8a96b40>)
2026-01-30 07:16:42,118 - aiosqlite - DEBUG - operation functools.partial(<built-in method close of sqlite3.Cursor object at 0x7f4bc8a96b40>) completed
2026-01-30 07:16:42,120 - aiosqlite - DEBUG - executing functools.partial(<built-in method cursor of sqlite3.Connection object at 0x7f4bc8c3e7a0>)
2026-01-30 07:16:42,120 - aiosqlite - DEBUG - operation functools.partial(<built-in method cursor of sqlite3.Connection object at 0x7f4bc8c3e7a0>) completed
2026-01-30 07:16:42,121 - aiosqlite - DEBUG - executing functools.partial(<built-in method execute of sqlite3.Cursor object at 0x7f4bc8a97040>, '\nCREATE TABLE mutation_records (\n\tid INTEGER NOT NULL, \n\tartifact_id VARCHAR NOT NULL, \n\tversion_id VARCHAR NOT NULL, \n\tparent_id VARCHAR, \n\ttimestamp DATETIME, \n\torigin JSON NOT NULL, \n\tchange_summary VARCHAR, \n\tpayload JSON NOT NULL, \n\tchecksum VARCHAR, \n\tstatus VARCHAR, \n\tPRIMARY KEY (id), \n\tFOREIGN KEY(artifact_id) REFERENCES artifacts (id)\n)\n\n', ())
2026-01-30 07:16:42,125 - aiosqlite - DEBUG - operation functools.partial(<built-in method execute of sqlite3.Cursor object at 0x7f4bc8a97040>, '\nCREATE TABLE mutation_records (\n\tid INTEGER NOT NULL, \n\tartifact_id VARCHAR NOT NULL, \n\tversion_id VARCHAR NOT NULL, \n\tparent_id VARCHAR, \n\ttimestamp DATETIME, \n\torigin JSON NOT NULL, \n\tchange_summary VARCHAR, \n\tpayload JSON NOT NULL, \n\tchecksum VARCHAR, \n\tstatus VARCHAR, \n\tPRIMARY KEY (id), \n\tFOREIGN KEY(artifact_id) REFERENCES artifacts (id)\n)\n\n', ()) completed
2026-01-30 07:16:42,125 - aiosqlite - DEBUG - executing functools.partial(<built-in method close of sqlite3.Cursor object at 0x7f4bc8a97040>)
2026-01-30 07:16:42,125 - aiosqlite - DEBUG - operation functools.partial(<built-in method close of sqlite3.Cursor object at 0x7f4bc8a97040>) completed
2026-01-30 07:16:42,126 - aiosqlite - DEBUG - executing functools.partial(<built-in method commit of sqlite3.Connection object at 0x7f4bc8c3e7a0>)
2026-01-30 07:16:42,126 - aiosqlite - DEBUG - operation functools.partial(<built-in method commit of sqlite3.Connection object at 0x7f4bc8c3e7a0>) completed
2026-01-30 07:16:42,127 - aiosqlite - DEBUG - executing functools.partial(<built-in method rollback of sqlite3.Connection object at 0x7f4bc8c3e7a0>)
2026-01-30 07:16:42,127 - aiosqlite - DEBUG - operation functools.partial(<built-in method rollback of sqlite3.Connection object at 0x7f4bc8c3e7a0>) completed
2026-01-30 07:16:42,128 - asyncio - DEBUG - Using selector: EpollSelector
2026-01-30 07:16:42,135 - httpx - INFO - HTTP Request: POST http://test/api/v1/auth/login "HTTP/1.1 401 Unauthorized"
2026-01-30 07:16:42,139 - asyncio - DEBUG - Using selector: EpollSelector
2026-01-30 07:16:42,170 - aiosqlite - DEBUG - executing functools.partial(<built-in method cursor of sqlite3.Connection object at 0x7f4bc8c3e7a0>)
2026-01-30 07:16:42,171 - aiosqlite - DEBUG - operation functools.partial(<built-in method cursor of sqlite3.Connection object at 0x7f4bc8c3e7a0>) completed
2026-01-30 07:16:42,172 - aiosqlite - DEBUG - executing functools.partial(<built-in method execute of sqlite3.Cursor object at 0x7f4bc8b9b640>, 'SELECT users.id, users.user_id, users.profile, users.enabled, users.active_workspace_id \nFROM users \nWHERE users.user_id = ?', ('test_auto_reg_user_di',))
2026-01-30 07:16:42,172 - aiosqlite - DEBUG - operation functools.partial(<built-in method execute of sqlite3.Cursor object at 0x7f4bc8b9b640>, 'SELECT users.id, users.user_id, users.profile, users.enabled, users.active_workspace_id \nFROM users \nWHERE users.user_id = ?', ('test_auto_reg_user_di',)) completed
2026-01-30 07:16:42,173 - aiosqlite - DEBUG - executing functools.partial(<built-in method fetchall of sqlite3.Cursor object at 0x7f4bc8b9b640>)
2026-01-30 07:16:42,173 - aiosqlite - DEBUG - operation functools.partial(<built-in method fetchall of sqlite3.Cursor object at 0x7f4bc8b9b640>) completed
2026-01-30 07:16:42,173 - aiosqlite - DEBUG - executing functools.partial(<built-in method close of sqlite3.Cursor object at 0x7f4bc8b9b640>)
2026-01-30 07:16:42,174 - aiosqlite - DEBUG - operation functools.partial(<built-in method close of sqlite3.Cursor object at 0x7f4bc8b9b640>) completed
2026-01-30 07:16:42,177 - aiosqlite - DEBUG - executing functools.partial(<built-in method cursor of sqlite3.Connection object at 0x7f4bc8c3e7a0>)
2026-01-30 07:16:42,177 - aiosqlite - DEBUG - operation functools.partial(<built-in method cursor of sqlite3.Connection object at 0x7f4bc8c3e7a0>) completed
2026-01-30 07:16:42,177 - aiosqlite - DEBUG - executing functools.partial(<built-in method execute of sqlite3.Cursor object at 0x7f4bc8b36c40>, 'INSERT INTO users (user_id, profile, enabled, active_workspace_id) VALUES (?, ?, ?, ?)', ('test_auto_reg_user_di', '{"name": "test_auto_reg_user_di"}', 1, None))
2026-01-30 07:16:42,177 - aiosqlite - DEBUG - operation functools.partial(<built-in method execute of sqlite3.Cursor object at 0x7f4bc8b36c40>, 'INSERT INTO users (user_id, profile, enabled, active_workspace_id) VALUES (?, ?, ?, ?)', ('test_auto_reg_user_di', '{"name": "test_auto_reg_user_di"}', 1, None)) completed
2026-01-30 07:16:42,178 - aiosqlite - DEBUG - executing functools.partial(<built-in method close of sqlite3.Cursor object at 0x7f4bc8b36c40>)
2026-01-30 07:16:42,178 - aiosqlite - DEBUG - operation functools.partial(<built-in method close of sqlite3.Cursor object at 0x7f4bc8b36c40>) completed
2026-01-30 07:16:42,179 - aiosqlite - DEBUG - executing functools.partial(<built-in method commit of sqlite3.Connection object at 0x7f4bc8c3e7a0>)
2026-01-30 07:16:42,182 - aiosqlite - DEBUG - operation functools.partial(<built-in method commit of sqlite3.Connection object at 0x7f4bc8c3e7a0>) completed
2026-01-30 07:16:42,183 - aiosqlite - DEBUG - executing functools.partial(<built-in method rollback of sqlite3.Connection object at 0x7f4bc8c3e7a0>)
2026-01-30 07:16:42,183 - aiosqlite - DEBUG - operation functools.partial(<built-in method rollback of sqlite3.Connection object at 0x7f4bc8c3e7a0>) completed
2026-01-30 07:16:42,184 - aiosqlite - DEBUG - executing functools.partial(<built-in method cursor of sqlite3.Connection object at 0x7f4bc8c3e7a0>)
2026-01-30 07:16:42,184 - aiosqlite - DEBUG - operation functools.partial(<built-in method cursor of sqlite3.Connection object at 0x7f4bc8c3e7a0>) completed
2026-01-30 07:16:42,185 - aiosqlite - DEBUG - executing functools.partial(<built-in method execute of sqlite3.Cursor object at 0x7f4bc8b37240>, 'SELECT users.id, users.user_id, users.profile, users.enabled, users.active_workspace_id \nFROM users \nWHERE users.user_id = ?', ('test_auto_reg_user_di',))
2026-01-30 07:16:42,185 - aiosqlite - DEBUG - operation functools.partial(<built-in method execute of sqlite3.Cursor object at 0x7f4bc8b37240>, 'SELECT users.id, users.user_id, users.profile, users.enabled, users.active_workspace_id \nFROM users \nWHERE users.user_id = ?', ('test_auto_reg_user_di',)) completed
2026-01-30 07:16:42,185 - aiosqlite - DEBUG - executing functools.partial(<built-in method fetchall of sqlite3.Cursor object at 0x7f4bc8b37240>)
2026-01-30 07:16:42,185 - aiosqlite - DEBUG - operation functools.partial(<built-in method fetchall of sqlite3.Cursor object at 0x7f4bc8b37240>) completed
2026-01-30 07:16:42,186 - aiosqlite - DEBUG - executing functools.partial(<built-in method close of sqlite3.Cursor object at 0x7f4bc8b37240>)
2026-01-30 07:16:42,186 - aiosqlite - DEBUG - operation functools.partial(<built-in method close of sqlite3.Cursor object at 0x7f4bc8b37240>) completed
2026-01-30 07:16:42,190 - aiosqlite - DEBUG - executing functools.partial(<built-in method cursor of sqlite3.Connection object at 0x7f4bc8c3e7a0>)
2026-01-30 07:16:42,190 - aiosqlite - DEBUG - operation functools.partial(<built-in method cursor of sqlite3.Connection object at 0x7f4bc8c3e7a0>) completed
2026-01-30 07:16:42,190 - aiosqlite - DEBUG - executing functools.partial(<built-in method execute of sqlite3.Cursor object at 0x7f4bc8b02bc0>, 'SELECT workspace_members.user_id AS workspace_members_user_id, workspace_members.workspace_id AS workspace_members_workspace_id, workspace_members.role AS workspace_members_role \nFROM workspace_members \nWHERE workspace_members.user_id IN (?)', (1,))
2026-01-30 07:16:42,191 - aiosqlite - DEBUG - operation functools.partial(<built-in method execute of sqlite3.Cursor object at 0x7f4bc8b02bc0>, 'SELECT workspace_members.user_id AS workspace_members_user_id, workspace_members.workspace_id AS workspace_members_workspace_id, workspace_members.role AS workspace_members_role \nFROM workspace_members \nWHERE workspace_members.user_id IN (?)', (1,)) completed
2026-01-30 07:16:42,191 - aiosqlite - DEBUG - executing functools.partial(<built-in method fetchall of sqlite3.Cursor object at 0x7f4bc8b02bc0>)
2026-01-30 07:16:42,191 - aiosqlite - DEBUG - operation functools.partial(<built-in method fetchall of sqlite3.Cursor object at 0x7f4bc8b02bc0>) completed
2026-01-30 07:16:42,192 - aiosqlite - DEBUG - executing functools.partial(<built-in method close of sqlite3.Cursor object at 0x7f4bc8b02bc0>)
2026-01-30 07:16:42,192 - aiosqlite - DEBUG - operation functools.partial(<built-in method close of sqlite3.Cursor object at 0x7f4bc8b02bc0>) completed
2026-01-30 07:16:42,195 - aiosqlite - DEBUG - executing functools.partial(<built-in method cursor of sqlite3.Connection object at 0x7f4bc8c3e7a0>)
2026-01-30 07:16:42,195 - aiosqlite - DEBUG - operation functools.partial(<built-in method cursor of sqlite3.Connection object at 0x7f4bc8c3e7a0>) completed
2026-01-30 07:16:42,195 - aiosqlite - DEBUG - executing functools.partial(<built-in method execute of sqlite3.Cursor object at 0x7f4bc8b37640>, 'SELECT users.id, users.user_id, users.profile, users.enabled, users.active_workspace_id \nFROM users \nWHERE users.user_id = ?', ('test_auto_reg_user_di',))
2026-01-30 07:16:42,195 - aiosqlite - DEBUG - operation functools.partial(<built-in method execute of sqlite3.Cursor object at 0x7f4bc8b37640>, 'SELECT users.id, users.user_id, users.profile, users.enabled, users.active_workspace_id \nFROM users \nWHERE users.user_id = ?', ('test_auto_reg_user_di',)) completed
2026-01-30 07:16:42,196 - aiosqlite - DEBUG - executing functools.partial(<built-in method fetchall of sqlite3.Cursor object at 0x7f4bc8b37640>)
2026-01-30 07:16:42,196 - aiosqlite - DEBUG - operation functools.partial(<built-in method fetchall of sqlite3.Cursor object at 0x7f4bc8b37640>) completed
2026-01-30 07:16:42,196 - aiosqlite - DEBUG - executing functools.partial(<built-in method close of sqlite3.Cursor object at 0x7f4bc8b37640>)
2026-01-30 07:16:42,196 - aiosqlite - DEBUG - operation functools.partial(<built-in method close of sqlite3.Cursor object at 0x7f4bc8b37640>) completed
2026-01-30 07:16:42,197 - aiosqlite - DEBUG - executing functools.partial(<built-in method cursor of sqlite3.Connection object at 0x7f4bc8c3e7a0>)
2026-01-30 07:16:42,198 - aiosqlite - DEBUG - operation functools.partial(<built-in method cursor of sqlite3.Connection object at 0x7f4bc8c3e7a0>) completed
2026-01-30 07:16:42,198 - aiosqlite - DEBUG - executing functools.partial(<built-in method execute of sqlite3.Cursor object at 0x7f4bc81206c0>, 'SELECT workspace_members.user_id AS workspace_members_user_id, workspace_members.workspace_id AS workspace_members_workspace_id, workspace_members.role AS workspace_members_role \nFROM workspace_members \nWHERE workspace_members.user_id IN (?)', (1,))
2026-01-30 07:16:42,198 - aiosqlite - DEBUG - operation functools.partial(<built-in method execute of sqlite3.Cursor object at 0x7f4bc81206c0>, 'SELECT workspace_members.user_id AS workspace_members_user_id, workspace_members.workspace_id AS workspace_members_workspace_id, workspace_members.role AS workspace_members_role \nFROM workspace_members \nWHERE workspace_members.user_id IN (?)', (1,)) completed
2026-01-30 07:16:42,198 - aiosqlite - DEBUG - executing functools.partial(<built-in method fetchall of sqlite3.Cursor object at 0x7f4bc81206c0>)
2026-01-30 07:16:42,199 - aiosqlite - DEBUG - operation functools.partial(<built-in method fetchall of sqlite3.Cursor object at 0x7f4bc81206c0>) completed
2026-01-30 07:16:42,199 - aiosqlite - DEBUG - executing functools.partial(<built-in method close of sqlite3.Cursor object at 0x7f4bc81206c0>)
2026-01-30 07:16:42,199 - aiosqlite - DEBUG - operation functools.partial(<built-in method close of sqlite3.Cursor object at 0x7f4bc81206c0>) completed
2026-01-30 07:16:42,200 - aiosqlite - DEBUG - executing functools.partial(<built-in method commit of sqlite3.Connection object at 0x7f4bc8c3e7a0>)
2026-01-30 07:16:42,200 - aiosqlite - DEBUG - operation functools.partial(<built-in method commit of sqlite3.Connection object at 0x7f4bc8c3e7a0>) completed
2026-01-30 07:16:42,201 - aiosqlite - DEBUG - executing functools.partial(<built-in method rollback of sqlite3.Connection object at 0x7f4bc8c3e7a0>)
2026-01-30 07:16:42,201 - aiosqlite - DEBUG - operation functools.partial(<built-in method rollback of sqlite3.Connection object at 0x7f4bc8c3e7a0>) completed
2026-01-30 07:16:42,203 - aiosqlite - DEBUG - executing functools.partial(<built-in method cursor of sqlite3.Connection object at 0x7f4bc8c3e7a0>)
2026-01-30 07:16:42,203 - aiosqlite - DEBUG - operation functools.partial(<built-in method cursor of sqlite3.Connection object at 0x7f4bc8c3e7a0>) completed
2026-01-30 07:16:42,204 - aiosqlite - DEBUG - executing functools.partial(<built-in method execute of sqlite3.Cursor object at 0x7f4bc8b37040>, 'INSERT INTO workspaces (id, name, state, is_archived, updated_at) VALUES (?, ?, ?, ?, ?)', ('7a3c1752-2032-460a-b971-9968ef112846', "test_auto_reg_user_di's Workspace", '{"panes": {}, "artifacts": {}, "activeLayout": [], "archive": []}', 0, '2026-01-30 07:16:42.203314'))
2026-01-30 07:16:42,204 - aiosqlite - DEBUG - operation functools.partial(<built-in method execute of sqlite3.Cursor object at 0x7f4bc8b37040>, 'INSERT INTO workspaces (id, name, state, is_archived, updated_at) VALUES (?, ?, ?, ?, ?)', ('7a3c1752-2032-460a-b971-9968ef112846', "test_auto_reg_user_di's Workspace", '{"panes": {}, "artifacts": {}, "activeLayout": [], "archive": []}', 0, '2026-01-30 07:16:42.203314')) completed
2026-01-30 07:16:42,204 - aiosqlite - DEBUG - executing functools.partial(<built-in method close of sqlite3.Cursor object at 0x7f4bc8b37040>)
2026-01-30 07:16:42,204 - aiosqlite - DEBUG - operation functools.partial(<built-in method close of sqlite3.Cursor object at 0x7f4bc8b37040>) completed
2026-01-30 07:16:42,207 - aiosqlite - DEBUG - executing functools.partial(<built-in method cursor of sqlite3.Connection object at 0x7f4bc8c3e7a0>)
2026-01-30 07:16:42,207 - aiosqlite - DEBUG - operation functools.partial(<built-in method cursor of sqlite3.Connection object at 0x7f4bc8c3e7a0>) completed
2026-01-30 07:16:42,207 - aiosqlite - DEBUG - executing functools.partial(<built-in method execute of sqlite3.Cursor object at 0x7f4bc8b35740>, 'UPDATE users SET active_workspace_id=? WHERE users.id = ?', ('7a3c1752-2032-460a-b971-9968ef112846', 1))
2026-01-30 07:16:42,208 - aiosqlite - DEBUG - operation functools.partial(<built-in method execute of sqlite3.Cursor object at 0x7f4bc8b35740>, 'UPDATE users SET active_workspace_id=? WHERE users.id = ?', ('7a3c1752-2032-460a-b971-9968ef112846', 1)) completed
2026-01-30 07:16:42,208 - aiosqlite - DEBUG - executing functools.partial(<built-in method close of sqlite3.Cursor object at 0x7f4bc8b35740>)
2026-01-30 07:16:42,208 - aiosqlite - DEBUG - operation functools.partial(<built-in method close of sqlite3.Cursor object at 0x7f4bc8b35740>) completed
2026-01-30 07:16:42,209 - aiosqlite - DEBUG - executing functools.partial(<built-in method cursor of sqlite3.Connection object at 0x7f4bc8c3e7a0>)
2026-01-30 07:16:42,209 - aiosqlite - DEBUG - operation functools.partial(<built-in method cursor of sqlite3.Connection object at 0x7f4bc8c3e7a0>) completed
2026-01-30 07:16:42,210 - aiosqlite - DEBUG - executing functools.partial(<built-in method execute of sqlite3.Cursor object at 0x7f4bc8121040>, 'INSERT INTO workspace_members (workspace_id, user_id, role) VALUES (?, ?, ?)', ('7a3c1752-2032-460a-b971-9968ef112846', 1, 'OWNER'))
2026-01-30 07:16:42,210 - aiosqlite - DEBUG - operation functools.partial(<built-in method execute of sqlite3.Cursor object at 0x7f4bc8121040>, 'INSERT INTO workspace_members (workspace_id, user_id, role) VALUES (?, ?, ?)', ('7a3c1752-2032-460a-b971-9968ef112846', 1, 'OWNER')) completed
2026-01-30 07:16:42,210 - aiosqlite - DEBUG - executing functools.partial(<built-in method close of sqlite3.Cursor object at 0x7f4bc8121040>)
2026-01-30 07:16:42,210 - aiosqlite - DEBUG - operation functools.partial(<built-in method close of sqlite3.Cursor object at 0x7f4bc8121040>) completed
2026-01-30 07:16:42,211 - aiosqlite - DEBUG - executing functools.partial(<built-in method commit of sqlite3.Connection object at 0x7f4bc8c3e7a0>)
2026-01-30 07:16:42,214 - aiosqlite - DEBUG - operation functools.partial(<built-in method commit of sqlite3.Connection object at 0x7f4bc8c3e7a0>) completed
2026-01-30 07:16:42,215 - aiosqlite - DEBUG - executing functools.partial(<built-in method rollback of sqlite3.Connection object at 0x7f4bc8c3e7a0>)
2026-01-30 07:16:42,215 - aiosqlite - DEBUG - operation functools.partial(<built-in method rollback of sqlite3.Connection object at 0x7f4bc8c3e7a0>) completed
2026-01-30 07:16:42,216 - aiosqlite - DEBUG - executing functools.partial(<built-in method cursor of sqlite3.Connection object at 0x7f4bc8c3e7a0>)
2026-01-30 07:16:42,216 - aiosqlite - DEBUG - operation functools.partial(<built-in method cursor of sqlite3.Connection object at 0x7f4bc8c3e7a0>) completed
2026-01-30 07:16:42,216 - aiosqlite - DEBUG - executing functools.partial(<built-in method execute of sqlite3.Cursor object at 0x7f4bc8b027c0>, 'SELECT users.id, users.user_id, users.profile, users.enabled, users.active_workspace_id \nFROM users \nWHERE users.user_id = ?', ('test_auto_reg_user_di',))
2026-01-30 07:16:42,217 - aiosqlite - DEBUG - operation functools.partial(<built-in method execute of sqlite3.Cursor object at 0x7f4bc8b027c0>, 'SELECT users.id, users.user_id, users.profile, users.enabled, users.active_workspace_id \nFROM users \nWHERE users.user_id = ?', ('test_auto_reg_user_di',)) completed
2026-01-30 07:16:42,217 - aiosqlite - DEBUG - executing functools.partial(<built-in method fetchall of sqlite3.Cursor object at 0x7f4bc8b027c0>)
2026-01-30 07:16:42,217 - aiosqlite - DEBUG - operation functools.partial(<built-in method fetchall of sqlite3.Cursor object at 0x7f4bc8b027c0>) completed
2026-01-30 07:16:42,217 - aiosqlite - DEBUG - executing functools.partial(<built-in method close of sqlite3.Cursor object at 0x7f4bc8b027c0>)
2026-01-30 07:16:42,217 - aiosqlite - DEBUG - operation functools.partial(<built-in method close of sqlite3.Cursor object at 0x7f4bc8b027c0>) completed
2026-01-30 07:16:42,219 - aiosqlite - DEBUG - executing functools.partial(<built-in method cursor of sqlite3.Connection object at 0x7f4bc8c3e7a0>)
2026-01-30 07:16:42,219 - aiosqlite - DEBUG - operation functools.partial(<built-in method cursor of sqlite3.Connection object at 0x7f4bc8c3e7a0>) completed
2026-01-30 07:16:42,219 - aiosqlite - DEBUG - executing functools.partial(<built-in method execute of sqlite3.Cursor object at 0x7f4bc8121cc0>, 'SELECT workspace_members.user_id AS workspace_members_user_id, workspace_members.workspace_id AS workspace_members_workspace_id, workspace_members.role AS workspace_members_role \nFROM workspace_members \nWHERE workspace_members.user_id IN (?)', (1,))
2026-01-30 07:16:42,219 - aiosqlite - DEBUG - operation functools.partial(<built-in method execute of sqlite3.Cursor object at 0x7f4bc8121cc0>, 'SELECT workspace_members.user_id AS workspace_members_user_id, workspace_members.workspace_id AS workspace_members_workspace_id, workspace_members.role AS workspace_members_role \nFROM workspace_members \nWHERE workspace_members.user_id IN (?)', (1,)) completed
2026-01-30 07:16:42,220 - aiosqlite - DEBUG - executing functools.partial(<built-in method fetchall of sqlite3.Cursor object at 0x7f4bc8121cc0>)
2026-01-30 07:16:42,220 - aiosqlite - DEBUG - operation functools.partial(<built-in method fetchall of sqlite3.Cursor object at 0x7f4bc8121cc0>) completed
2026-01-30 07:16:42,220 - aiosqlite - DEBUG - executing functools.partial(<built-in method close of sqlite3.Cursor object at 0x7f4bc8121cc0>)
2026-01-30 07:16:42,220 - aiosqlite - DEBUG - operation functools.partial(<built-in method close of sqlite3.Cursor object at 0x7f4bc8121cc0>) completed
2026-01-30 07:16:42,221 - aiosqlite - DEBUG - executing functools.partial(<built-in method rollback of sqlite3.Connection object at 0x7f4bc8c3e7a0>)
2026-01-30 07:16:42,222 - aiosqlite - DEBUG - operation functools.partial(<built-in method rollback of sqlite3.Connection object at 0x7f4bc8c3e7a0>) completed
2026-01-30 07:16:42,222 - aiosqlite - DEBUG - executing functools.partial(<built-in method rollback of sqlite3.Connection object at 0x7f4bc8c3e7a0>)
2026-01-30 07:16:42,222 - aiosqlite - DEBUG - operation functools.partial(<built-in method rollback of sqlite3.Connection object at 0x7f4bc8c3e7a0>) completed
2026-01-30 07:16:42,223 - httpx - INFO - HTTP Request: POST http://test/api/v1/auth/login "HTTP/1.1 200 OK"
2026-01-30 07:16:42,225 - aiosqlite - DEBUG - executing functools.partial(<built-in method cursor of sqlite3.Connection object at 0x7f4bc8c3e7a0>)
2026-01-30 07:16:42,225 - aiosqlite - DEBUG - operation functools.partial(<built-in method cursor of sqlite3.Connection object at 0x7f4bc8c3e7a0>) completed
2026-01-30 07:16:42,225 - aiosqlite - DEBUG - executing functools.partial(<built-in method execute of sqlite3.Cursor object at 0x7f4bc8ae18c0>, 'PRAGMA main.table_info("users")', ())
2026-01-30 07:16:42,225 - aiosqlite - DEBUG - operation functools.partial(<built-in method execute of sqlite3.Cursor object at 0x7f4bc8ae18c0>, 'PRAGMA main.table_info("users")', ()) completed
2026-01-30 07:16:42,226 - aiosqlite - DEBUG - executing functools.partial(<built-in method fetchall of sqlite3.Cursor object at 0x7f4bc8ae18c0>)
2026-01-30 07:16:42,226 - aiosqlite - DEBUG - operation functools.partial(<built-in method fetchall of sqlite3.Cursor object at 0x7f4bc8ae18c0>) completed
2026-01-30 07:16:42,226 - aiosqlite - DEBUG - executing functools.partial(<built-in method close of sqlite3.Cursor object at 0x7f4bc8ae18c0>)
2026-01-30 07:16:42,226 - aiosqlite - DEBUG - operation functools.partial(<built-in method close of sqlite3.Cursor object at 0x7f4bc8ae18c0>) completed
2026-01-30 07:16:42,227 - aiosqlite - DEBUG - executing functools.partial(<built-in method cursor of sqlite3.Connection object at 0x7f4bc8c3e7a0>)
2026-01-30 07:16:42,227 - aiosqlite - DEBUG - operation functools.partial(<built-in method cursor of sqlite3.Connection object at 0x7f4bc8c3e7a0>) completed
2026-01-30 07:16:42,227 - aiosqlite - DEBUG - executing functools.partial(<built-in method execute of sqlite3.Cursor object at 0x7f4bc8a95640>, 'PRAGMA main.table_info("workspace_members")', ())
2026-01-30 07:16:42,227 - aiosqlite - DEBUG - operation functools.partial(<built-in method execute of sqlite3.Cursor object at 0x7f4bc8a95640>, 'PRAGMA main.table_info("workspace_members")', ()) completed
2026-01-30 07:16:42,228 - aiosqlite - DEBUG - executing functools.partial(<built-in method fetchall of sqlite3.Cursor object at 0x7f4bc8a95640>)
2026-01-30 07:16:42,228 - aiosqlite - DEBUG - operation functools.partial(<built-in method fetchall of sqlite3.Cursor object at 0x7f4bc8a95640>) completed
2026-01-30 07:16:42,228 - aiosqlite - DEBUG - executing functools.partial(<built-in method close of sqlite3.Cursor object at 0x7f4bc8a95640>)
2026-01-30 07:16:42,228 - aiosqlite - DEBUG - operation functools.partial(<built-in method close of sqlite3.Cursor object at 0x7f4bc8a95640>) completed
2026-01-30 07:16:42,228 - aiosqlite - DEBUG - executing functools.partial(<built-in method cursor of sqlite3.Connection object at 0x7f4bc8c3e7a0>)
2026-01-30 07:16:42,229 - aiosqlite - DEBUG - operation functools.partial(<built-in method cursor of sqlite3.Connection object at 0x7f4bc8c3e7a0>) completed
2026-01-30 07:16:42,229 - aiosqlite - DEBUG - executing functools.partial(<built-in method execute of sqlite3.Cursor object at 0x7f4bc8a958c0>, 'PRAGMA main.table_info("workspaces")', ())
2026-01-30 07:16:42,229 - aiosqlite - DEBUG - operation functools.partial(<built-in method execute of sqlite3.Cursor object at 0x7f4bc8a958c0>, 'PRAGMA main.table_info("workspaces")', ()) completed
2026-01-30 07:16:42,229 - aiosqlite - DEBUG - executing functools.partial(<built-in method fetchall of sqlite3.Cursor object at 0x7f4bc8a958c0>)
2026-01-30 07:16:42,229 - aiosqlite - DEBUG - operation functools.partial(<built-in method fetchall of sqlite3.Cursor object at 0x7f4bc8a958c0>) completed
2026-01-30 07:16:42,230 - aiosqlite - DEBUG - executing functools.partial(<built-in method close of sqlite3.Cursor object at 0x7f4bc8a958c0>)
2026-01-30 07:16:42,230 - aiosqlite - DEBUG - operation functools.partial(<built-in method close of sqlite3.Cursor object at 0x7f4bc8a958c0>) completed
2026-01-30 07:16:42,230 - aiosqlite - DEBUG - executing functools.partial(<built-in method cursor of sqlite3.Connection object at 0x7f4bc8c3e7a0>)
2026-01-30 07:16:42,230 - aiosqlite - DEBUG - operation functools.partial(<built-in method cursor of sqlite3.Connection object at 0x7f4bc8c3e7a0>) completed
2026-01-30 07:16:42,230 - aiosqlite - DEBUG - executing functools.partial(<built-in method execute of sqlite3.Cursor object at 0x7f4bc8a94c40>, 'PRAGMA main.table_info("message_artifacts")', ())
2026-01-30 07:16:42,231 - aiosqlite - DEBUG - operation functools.partial(<built-in method execute of sqlite3.Cursor object at 0x7f4bc8a94c40>, 'PRAGMA main.table_info("message_artifacts")', ()) completed
2026-01-30 07:16:42,231 - aiosqlite - DEBUG - executing functools.partial(<built-in method fetchall of sqlite3.Cursor object at 0x7f4bc8a94c40>)
2026-01-30 07:16:42,231 - aiosqlite - DEBUG - operation functools.partial(<built-in method fetchall of sqlite3.Cursor object at 0x7f4bc8a94c40>) completed
2026-01-30 07:16:42,231 - aiosqlite - DEBUG - executing functools.partial(<built-in method close of sqlite3.Cursor object at 0x7f4bc8a94c40>)
2026-01-30 07:16:42,231 - aiosqlite - DEBUG - operation functools.partial(<built-in method close of sqlite3.Cursor object at 0x7f4bc8a94c40>) completed
2026-01-30 07:16:42,232 - aiosqlite - DEBUG - executing functools.partial(<built-in method cursor of sqlite3.Connection object at 0x7f4bc8c3e7a0>)
2026-01-30 07:16:42,232 - aiosqlite - DEBUG - operation functools.partial(<built-in method cursor of sqlite3.Connection object at 0x7f4bc8c3e7a0>) completed
2026-01-30 07:16:42,232 - aiosqlite - DEBUG - executing functools.partial(<built-in method execute of sqlite3.Cursor object at 0x7f4bc8a95940>, 'PRAGMA main.table_info("chat_sessions")', ())
2026-01-30 07:16:42,232 - aiosqlite - DEBUG - operation functools.partial(<built-in method execute of sqlite3.Cursor object at 0x7f4bc8a95940>, 'PRAGMA main.table_info("chat_sessions")', ()) completed
2026-01-30 07:16:42,233 - aiosqlite - DEBUG - executing functools.partial(<built-in method fetchall of sqlite3.Cursor object at 0x7f4bc8a95940>)
2026-01-30 07:16:42,233 - aiosqlite - DEBUG - operation functools.partial(<built-in method fetchall of sqlite3.Cursor object at 0x7f4bc8a95940>) completed
2026-01-30 07:16:42,233 - aiosqlite - DEBUG - executing functools.partial(<built-in method close of sqlite3.Cursor object at 0x7f4bc8a95940>)
2026-01-30 07:16:42,233 - aiosqlite - DEBUG - operation functools.partial(<built-in method close of sqlite3.Cursor object at 0x7f4bc8a95940>) completed
2026-01-30 07:16:42,233 - aiosqlite - DEBUG - executing functools.partial(<built-in method cursor of sqlite3.Connection object at 0x7f4bc8c3e7a0>)
2026-01-30 07:16:42,233 - aiosqlite - DEBUG - operation functools.partial(<built-in method cursor of sqlite3.Connection object at 0x7f4bc8c3e7a0>) completed
2026-01-30 07:16:42,234 - aiosqlite - DEBUG - executing functools.partial(<built-in method execute of sqlite3.Cursor object at 0x7f4bc8a95b40>, 'PRAGMA main.table_info("chat_messages")', ())
2026-01-30 07:16:42,234 - aiosqlite - DEBUG - operation functools.partial(<built-in method execute of sqlite3.Cursor object at 0x7f4bc8a95b40>, 'PRAGMA main.table_info("chat_messages")', ()) completed
2026-01-30 07:16:42,234 - aiosqlite - DEBUG - executing functools.partial(<built-in method fetchall of sqlite3.Cursor object at 0x7f4bc8a95b40>)
2026-01-30 07:16:42,235 - aiosqlite - DEBUG - operation functools.partial(<built-in method fetchall of sqlite3.Cursor object at 0x7f4bc8a95b40>) completed
2026-01-30 07:16:42,235 - aiosqlite - DEBUG - executing functools.partial(<built-in method close of sqlite3.Cursor object at 0x7f4bc8a95b40>)
2026-01-30 07:16:42,235 - aiosqlite - DEBUG - operation functools.partial(<built-in method close of sqlite3.Cursor object at 0x7f4bc8a95b40>) completed
2026-01-30 07:16:42,235 - aiosqlite - DEBUG - executing functools.partial(<built-in method cursor of sqlite3.Connection object at 0x7f4bc8c3e7a0>)
2026-01-30 07:16:42,235 - aiosqlite - DEBUG - operation functools.partial(<built-in method cursor of sqlite3.Connection object at 0x7f4bc8c3e7a0>) completed
2026-01-30 07:16:42,236 - aiosqlite - DEBUG - executing functools.partial(<built-in method execute of sqlite3.Cursor object at 0x7f4bc8a95040>, 'PRAGMA main.table_info("artifacts")', ())
2026-01-30 07:16:42,236 - aiosqlite - DEBUG - operation functools.partial(<built-in method execute of sqlite3.Cursor object at 0x7f4bc8a95040>, 'PRAGMA main.table_info("artifacts")', ()) completed
2026-01-30 07:16:42,236 - aiosqlite - DEBUG - executing functools.partial(<built-in method fetchall of sqlite3.Cursor object at 0x7f4bc8a95040>)
2026-01-30 07:16:42,236 - aiosqlite - DEBUG - operation functools.partial(<built-in method fetchall of sqlite3.Cursor object at 0x7f4bc8a95040>) completed
2026-01-30 07:16:42,236 - aiosqlite - DEBUG - executing functools.partial(<built-in method close of sqlite3.Cursor object at 0x7f4bc8a95040>)
2026-01-30 07:16:42,237 - aiosqlite - DEBUG - operation functools.partial(<built-in method close of sqlite3.Cursor object at 0x7f4bc8a95040>) completed
2026-01-30 07:16:42,237 - aiosqlite - DEBUG - executing functools.partial(<built-in method cursor of sqlite3.Connection object at 0x7f4bc8c3e7a0>)
2026-01-30 07:16:42,237 - aiosqlite - DEBUG - operation functools.partial(<built-in method cursor of sqlite3.Connection object at 0x7f4bc8c3e7a0>) completed
2026-01-30 07:16:42,237 - aiosqlite - DEBUG - executing functools.partial(<built-in method execute of sqlite3.Cursor object at 0x7f4bc8b360c0>, 'PRAGMA main.table_info("mutation_records")', ())
2026-01-30 07:16:42,237 - aiosqlite - DEBUG - operation functools.partial(<built-in method execute of sqlite3.Cursor object at 0x7f4bc8b360c0>, 'PRAGMA main.table_info("mutation_records")', ()) completed
2026-01-30 07:16:42,238 - aiosqlite - DEBUG - executing functools.partial(<built-in method fetchall of sqlite3.Cursor object at 0x7f4bc8b360c0>)
2026-01-30 07:16:42,238 - aiosqlite - DEBUG - operation functools.partial(<built-in method fetchall of sqlite3.Cursor object at 0x7f4bc8b360c0>) completed
2026-01-30 07:16:42,238 - aiosqlite - DEBUG - executing functools.partial(<built-in method close of sqlite3.Cursor object at 0x7f4bc8b360c0>)
2026-01-30 07:16:42,238 - aiosqlite - DEBUG - operation functools.partial(<built-in method close of sqlite3.Cursor object at 0x7f4bc8b360c0>) completed
2026-01-30 07:16:42,239 - aiosqlite - DEBUG - executing functools.partial(<built-in method cursor of sqlite3.Connection object at 0x7f4bc8c3e7a0>)
2026-01-30 07:16:42,239 - aiosqlite - DEBUG - operation functools.partial(<built-in method cursor of sqlite3.Connection object at 0x7f4bc8c3e7a0>) completed
2026-01-30 07:16:42,239 - aiosqlite - DEBUG - executing functools.partial(<built-in method execute of sqlite3.Cursor object at 0x7f4bc8b36540>, 'PRAGMA main.table_info("archived_panes")', ())
2026-01-30 07:16:42,239 - aiosqlite - DEBUG - operation functools.partial(<built-in method execute of sqlite3.Cursor object at 0x7f4bc8b36540>, 'PRAGMA main.table_info("archived_panes")', ()) completed
2026-01-30 07:16:42,240 - aiosqlite - DEBUG - executing functools.partial(<built-in method fetchall of sqlite3.Cursor object at 0x7f4bc8b36540>)
2026-01-30 07:16:42,240 - aiosqlite - DEBUG - operation functools.partial(<built-in method fetchall of sqlite3.Cursor object at 0x7f4bc8b36540>) completed
2026-01-30 07:16:42,240 - aiosqlite - DEBUG - executing functools.partial(<built-in method close of sqlite3.Cursor object at 0x7f4bc8b36540>)
2026-01-30 07:16:42,240 - aiosqlite - DEBUG - operation functools.partial(<built-in method close of sqlite3.Cursor object at 0x7f4bc8b36540>) completed
2026-01-30 07:16:42,241 - aiosqlite - DEBUG - executing functools.partial(<built-in method cursor of sqlite3.Connection object at 0x7f4bc8c3e7a0>)
2026-01-30 07:16:42,241 - aiosqlite - DEBUG - operation functools.partial(<built-in method cursor of sqlite3.Connection object at 0x7f4bc8c3e7a0>) completed
2026-01-30 07:16:42,242 - aiosqlite - DEBUG - executing functools.partial(<built-in method execute of sqlite3.Cursor object at 0x7f4bc8b358c0>, '\nDROP TABLE mutation_records', ())
2026-01-30 07:16:42,246 - aiosqlite - DEBUG - operation functools.partial(<built-in method execute of sqlite3.Cursor object at 0x7f4bc8b358c0>, '\nDROP TABLE mutation_records', ()) completed
2026-01-30 07:16:42,246 - aiosqlite - DEBUG - executing functools.partial(<built-in method close of sqlite3.Cursor object at 0x7f4bc8b358c0>)
2026-01-30 07:16:42,247 - aiosqlite - DEBUG - operation functools.partial(<built-in method close of sqlite3.Cursor object at 0x7f4bc8b358c0>) completed
2026-01-30 07:16:42,247 - aiosqlite - DEBUG - executing functools.partial(<built-in method cursor of sqlite3.Connection object at 0x7f4bc8c3e7a0>)
2026-01-30 07:16:42,247 - aiosqlite - DEBUG - operation functools.partial(<built-in method cursor of sqlite3.Connection object at 0x7f4bc8c3e7a0>) completed
2026-01-30 07:16:42,248 - aiosqlite - DEBUG - executing functools.partial(<built-in method execute of sqlite3.Cursor object at 0x7f4bc8121940>, '\nDROP TABLE message_artifacts', ())
2026-01-30 07:16:42,251 - aiosqlite - DEBUG - operation functools.partial(<built-in method execute of sqlite3.Cursor object at 0x7f4bc8121940>, '\nDROP TABLE message_artifacts', ()) completed
2026-01-30 07:16:42,252 - aiosqlite - DEBUG - executing functools.partial(<built-in method close of sqlite3.Cursor object at 0x7f4bc8121940>)
2026-01-30 07:16:42,252 - aiosqlite - DEBUG - operation functools.partial(<built-in method close of sqlite3.Cursor object at 0x7f4bc8121940>) completed
2026-01-30 07:16:42,252 - aiosqlite - DEBUG - executing functools.partial(<built-in method cursor of sqlite3.Connection object at 0x7f4bc8c3e7a0>)
2026-01-30 07:16:42,253 - aiosqlite - DEBUG - operation functools.partial(<built-in method cursor of sqlite3.Connection object at 0x7f4bc8c3e7a0>) completed
2026-01-30 07:16:42,253 - aiosqlite - DEBUG - executing functools.partial(<built-in method execute of sqlite3.Cursor object at 0x7f4bc8b37740>, '\nDROP TABLE artifacts', ())
2026-01-30 07:16:42,257 - aiosqlite - DEBUG - operation functools.partial(<built-in method execute of sqlite3.Cursor object at 0x7f4bc8b37740>, '\nDROP TABLE artifacts', ()) completed
2026-01-30 07:16:42,257 - aiosqlite - DEBUG - executing functools.partial(<built-in method close of sqlite3.Cursor object at 0x7f4bc8b37740>)
2026-01-30 07:16:42,257 - aiosqlite - DEBUG - operation functools.partial(<built-in method close of sqlite3.Cursor object at 0x7f4bc8b37740>) completed
2026-01-30 07:16:42,258 - aiosqlite - DEBUG - executing functools.partial(<built-in method cursor of sqlite3.Connection object at 0x7f4bc8c3e7a0>)
2026-01-30 07:16:42,258 - aiosqlite - DEBUG - operation functools.partial(<built-in method cursor of sqlite3.Connection object at 0x7f4bc8c3e7a0>) completed
2026-01-30 07:16:42,258 - aiosqlite - DEBUG - executing functools.partial(<built-in method execute of sqlite3.Cursor object at 0x7f4bc81219c0>, '\nDROP TABLE chat_messages', ())
2026-01-30 07:16:42,262 - aiosqlite - DEBUG - operation functools.partial(<built-in method execute of sqlite3.Cursor object at 0x7f4bc81219c0>, '\nDROP TABLE chat_messages', ()) completed
2026-01-30 07:16:42,262 - aiosqlite - DEBUG - executing functools.partial(<built-in method close of sqlite3.Cursor object at 0x7f4bc81219c0>)
2026-01-30 07:16:42,262 - aiosqlite - DEBUG - operation functools.partial(<built-in method close of sqlite3.Cursor object at 0x7f4bc81219c0>) completed
2026-01-30 07:16:42,263 - aiosqlite - DEBUG - executing functools.partial(<built-in method cursor of sqlite3.Connection object at 0x7f4bc8c3e7a0>)
2026-01-30 07:16:42,263 - aiosqlite - DEBUG - operation functools.partial(<built-in method cursor of sqlite3.Connection object at 0x7f4bc8c3e7a0>) completed
2026-01-30 07:16:42,263 - aiosqlite - DEBUG - executing functools.partial(<built-in method execute of sqlite3.Cursor object at 0x7f4bc8a95a40>, '\nDROP TABLE archived_panes', ())
2026-01-30 07:16:42,268 - aiosqlite - DEBUG - operation functools.partial(<built-in method execute of sqlite3.Cursor object at 0x7f4bc8a95a40>, '\nDROP TABLE archived_panes', ()) completed
2026-01-30 07:16:42,268 - aiosqlite - DEBUG - executing functools.partial(<built-in method close of sqlite3.Cursor object at 0x7f4bc8a95a40>)
2026-01-30 07:16:42,268 - aiosqlite - DEBUG - operation functools.partial(<built-in method close of sqlite3.Cursor object at 0x7f4bc8a95a40>) completed
2026-01-30 07:16:42,269 - aiosqlite - DEBUG - executing functools.partial(<built-in method cursor of sqlite3.Connection object at 0x7f4bc8c3e7a0>)
2026-01-30 07:16:42,269 - aiosqlite - DEBUG - operation functools.partial(<built-in method cursor of sqlite3.Connection object at 0x7f4bc8c3e7a0>) completed
2026-01-30 07:16:42,269 - aiosqlite - DEBUG - executing functools.partial(<built-in method execute of sqlite3.Cursor object at 0x7f4bc8121840>, '\nDROP TABLE chat_sessions', ())
2026-01-30 07:16:42,274 - aiosqlite - DEBUG - operation functools.partial(<built-in method execute of sqlite3.Cursor object at 0x7f4bc8121840>, '\nDROP TABLE chat_sessions', ()) completed
2026-01-30 07:16:42,275 - aiosqlite - DEBUG - executing functools.partial(<built-in method close of sqlite3.Cursor object at 0x7f4bc8121840>)
2026-01-30 07:16:42,275 - aiosqlite - DEBUG - operation functools.partial(<built-in method close of sqlite3.Cursor object at 0x7f4bc8121840>) completed
2026-01-30 07:16:42,275 - aiosqlite - DEBUG - executing functools.partial(<built-in method cursor of sqlite3.Connection object at 0x7f4bc8c3e7a0>)
2026-01-30 07:16:42,276 - aiosqlite - DEBUG - operation functools.partial(<built-in method cursor of sqlite3.Connection object at 0x7f4bc8c3e7a0>) completed
2026-01-30 07:16:42,276 - aiosqlite - DEBUG - executing functools.partial(<built-in method execute of sqlite3.Cursor object at 0x7f4bc8120940>, '\nDROP TABLE workspace_members', ())
2026-01-30 07:16:42,282 - aiosqlite - DEBUG - operation functools.partial(<built-in method execute of sqlite3.Cursor object at 0x7f4bc8120940>, '\nDROP TABLE workspace_members', ()) completed
2026-01-30 07:16:42,282 - aiosqlite - DEBUG - executing functools.partial(<built-in method close of sqlite3.Cursor object at 0x7f4bc8120940>)
2026-01-30 07:16:42,282 - aiosqlite - DEBUG - operation functools.partial(<built-in method close of sqlite3.Cursor object at 0x7f4bc8120940>) completed
2026-01-30 07:16:42,283 - aiosqlite - DEBUG - executing functools.partial(<built-in method cursor of sqlite3.Connection object at 0x7f4bc8c3e7a0>)
2026-01-30 07:16:42,283 - aiosqlite - DEBUG - operation functools.partial(<built-in method cursor of sqlite3.Connection object at 0x7f4bc8c3e7a0>) completed
2026-01-30 07:16:42,283 - aiosqlite - DEBUG - executing functools.partial(<built-in method execute of sqlite3.Cursor object at 0x7f4bc8120ac0>, '\nDROP TABLE workspaces', ())
2026-01-30 07:16:42,288 - aiosqlite - DEBUG - operation functools.partial(<built-in method execute of sqlite3.Cursor object at 0x7f4bc8120ac0>, '\nDROP TABLE workspaces', ()) completed
2026-01-30 07:16:42,289 - aiosqlite - DEBUG - executing functools.partial(<built-in method close of sqlite3.Cursor object at 0x7f4bc8120ac0>)
2026-01-30 07:16:42,289 - aiosqlite - DEBUG - operation functools.partial(<built-in method close of sqlite3.Cursor object at 0x7f4bc8120ac0>) completed
2026-01-30 07:16:42,289 - aiosqlite - DEBUG - executing functools.partial(<built-in method cursor of sqlite3.Connection object at 0x7f4bc8c3e7a0>)
2026-01-30 07:16:42,290 - aiosqlite - DEBUG - operation functools.partial(<built-in method cursor of sqlite3.Connection object at 0x7f4bc8c3e7a0>) completed
2026-01-30 07:16:42,290 - aiosqlite - DEBUG - executing functools.partial(<built-in method execute of sqlite3.Cursor object at 0x7f4bc81210c0>, '\nDROP TABLE users', ())
2026-01-30 07:16:42,295 - aiosqlite - DEBUG - operation functools.partial(<built-in method execute of sqlite3.Cursor object at 0x7f4bc81210c0>, '\nDROP TABLE users', ()) completed
2026-01-30 07:16:42,296 - aiosqlite - DEBUG - executing functools.partial(<built-in method close of sqlite3.Cursor object at 0x7f4bc81210c0>)
2026-01-30 07:16:42,296 - aiosqlite - DEBUG - operation functools.partial(<built-in method close of sqlite3.Cursor object at 0x7f4bc81210c0>) completed
2026-01-30 07:16:42,297 - aiosqlite - DEBUG - executing functools.partial(<built-in method commit of sqlite3.Connection object at 0x7f4bc8c3e7a0>)
2026-01-30 07:16:42,297 - aiosqlite - DEBUG - operation functools.partial(<built-in method commit of sqlite3.Connection object at 0x7f4bc8c3e7a0>) completed
2026-01-30 07:16:42,297 - aiosqlite - DEBUG - executing functools.partial(<built-in method rollback of sqlite3.Connection object at 0x7f4bc8c3e7a0>)
2026-01-30 07:16:42,298 - aiosqlite - DEBUG - operation functools.partial(<built-in method rollback of sqlite3.Connection object at 0x7f4bc8c3e7a0>) completed
